This is pdfTeX, Version 3.14159265-2.6-1.40.19 (TeX Live 2019/dev/Debian) (preloaded format=pdflatex 2019.10.26)  20 NOV 2019 20:23
entering extended mode
 restricted \write18 enabled.
 %&-line parsing enabled.
**Documentació.tex
(./Documentació.tex
LaTeX2e <2018-12-01>
(/usr/share/texlive/texmf-dist/tex/latex/base/article.cls
Document Class: article 2018/09/03 v1.4i Standard LaTeX document class
(/usr/share/texlive/texmf-dist/tex/latex/base/size11.clo
File: size11.clo 2018/09/03 v1.4i Standard LaTeX file (size option)
)
\c@part=\count80
\c@section=\count81
\c@subsection=\count82
\c@subsubsection=\count83
\c@paragraph=\count84
\c@subparagraph=\count85
\c@figure=\count86
\c@table=\count87
\abovecaptionskip=\skip41
\belowcaptionskip=\skip42
\bibindent=\dimen102
)
(/usr/share/texlive/texmf-dist/tex/latex/base/inputenc.sty
Package: inputenc 2018/08/11 v1.3c Input encoding file
\inpenc@prehook=\toks14
\inpenc@posthook=\toks15
)
(/usr/share/texlive/texmf-dist/tex/latex/comment/comment.sty
\CommentStream=\write3

Excluding comment 'comment')
(/usr/share/texlive/texmf-dist/tex/latex/pbox/pbox.sty
Package: pbox 2011/12/07 v1.2 Dynamic parboxes

(/usr/share/texlive/texmf-dist/tex/latex/tools/calc.sty
Package: calc 2017/05/25 v4.3 Infix arithmetic (KKT,FJ)
\calc@Acount=\count88
\calc@Bcount=\count89
\calc@Adimen=\dimen103
\calc@Bdimen=\dimen104
\calc@Askip=\skip43
\calc@Bskip=\skip44
LaTeX Info: Redefining \setlength on input line 80.
LaTeX Info: Redefining \addtolength on input line 81.
\calc@Ccount=\count90
\calc@Cskip=\skip45
)
(/usr/share/texlive/texmf-dist/tex/latex/base/ifthen.sty
Package: ifthen 2014/09/29 v1.1c Standard LaTeX ifthen package (DPC)
)
\pb@xlen=\skip46
)
(/usr/share/texlive/texmf-dist/tex/latex/adjustbox/adjustbox.sty
Package: adjustbox 2019/01/04 v1.2 Adjusting TeX boxes (trim, clip, ...)

(/usr/share/texlive/texmf-dist/tex/latex/xkeyval/xkeyval.sty
Package: xkeyval 2014/12/03 v2.7a package option processing (HA)

(/usr/share/texlive/texmf-dist/tex/generic/xkeyval/xkeyval.tex
(/usr/share/texlive/texmf-dist/tex/generic/xkeyval/xkvutils.tex
\XKV@toks=\toks16
\XKV@tempa@toks=\toks17

(/usr/share/texlive/texmf-dist/tex/generic/xkeyval/keyval.tex))
\XKV@depth=\count91
File: xkeyval.tex 2014/12/03 v2.7a key=value parser (HA)
))
(/usr/share/texlive/texmf-dist/tex/latex/adjustbox/adjcalc.sty
Package: adjcalc 2012/05/16 v1.1 Provides advanced setlength with multiple back
-ends (calc, etex, pgfmath)
)
(/usr/share/texlive/texmf-dist/tex/latex/adjustbox/trimclip.sty
Package: trimclip 2018/04/08 v1.1 Trim and clip general TeX material

(/usr/share/texlive/texmf-dist/tex/latex/graphics/graphicx.sty
Package: graphicx 2017/06/01 v1.1a Enhanced LaTeX Graphics (DPC,SPQR)

(/usr/share/texlive/texmf-dist/tex/latex/graphics/graphics.sty
Package: graphics 2017/06/25 v1.2c Standard LaTeX Graphics (DPC,SPQR)

(/usr/share/texlive/texmf-dist/tex/latex/graphics/trig.sty
Package: trig 2016/01/03 v1.10 sin cos tan (DPC)
)
(/usr/share/texlive/texmf-dist/tex/latex/graphics-cfg/graphics.cfg
File: graphics.cfg 2016/06/04 v1.11 sample graphics configuration
)
Package graphics Info: Driver file: pdftex.def on input line 99.

(/usr/share/texlive/texmf-dist/tex/latex/graphics-def/pdftex.def
File: pdftex.def 2018/01/08 v1.0l Graphics/color driver for pdftex
))
\Gin@req@height=\dimen105
\Gin@req@width=\dimen106
)
(/usr/share/texlive/texmf-dist/tex/latex/collectbox/collectbox.sty
Package: collectbox 2012/05/17 v0.4b Collect macro arguments as boxes
\collectedbox=\box27
)
\tc@llx=\dimen107
\tc@lly=\dimen108
\tc@urx=\dimen109
\tc@ury=\dimen110
Package trimclip Info: Using driver 'tc-pdftex.def'.

(/usr/share/texlive/texmf-dist/tex/latex/adjustbox/tc-pdftex.def
File: tc-pdftex.def 2019/01/04 v2.2 Clipping driver for pdftex
))
\adjbox@Width=\dimen111
\adjbox@Height=\dimen112
\adjbox@Depth=\dimen113
\adjbox@Totalheight=\dimen114
\adjbox@pwidth=\dimen115
\adjbox@pheight=\dimen116
\adjbox@pdepth=\dimen117
\adjbox@ptotalheight=\dimen118

(/usr/share/texlive/texmf-dist/tex/latex/ifoddpage/ifoddpage.sty
Package: ifoddpage 2016/04/23 v1.1 Conditionals for odd/even page detection
\c@checkoddpage=\count92
)
(/usr/share/texlive/texmf-dist/tex/latex/varwidth/varwidth.sty
Package: varwidth 2009/03/30 ver 0.92;  Variable-width minipages
\@vwid@box=\box28
\sift@deathcycles=\count93
\@vwid@loff=\dimen119
\@vwid@roff=\dimen120
))
(/usr/share/texlive/texmf-dist/tex/latex/amsmath/amsmath.sty
Package: amsmath 2018/12/01 v2.17b AMS math features
\@mathmargin=\skip47

For additional information on amsmath, use the `?' option.
(/usr/share/texlive/texmf-dist/tex/latex/amsmath/amstext.sty
Package: amstext 2000/06/29 v2.01 AMS text

(/usr/share/texlive/texmf-dist/tex/latex/amsmath/amsgen.sty
File: amsgen.sty 1999/11/30 v2.0 generic functions
\@emptytoks=\toks18
\ex@=\dimen121
))
(/usr/share/texlive/texmf-dist/tex/latex/amsmath/amsbsy.sty
Package: amsbsy 1999/11/29 v1.2d Bold Symbols
\pmbraise@=\dimen122
)
(/usr/share/texlive/texmf-dist/tex/latex/amsmath/amsopn.sty
Package: amsopn 2016/03/08 v2.02 operator names
)
\inf@bad=\count94
LaTeX Info: Redefining \frac on input line 223.
\uproot@=\count95
\leftroot@=\count96
LaTeX Info: Redefining \overline on input line 385.
\classnum@=\count97
\DOTSCASE@=\count98
LaTeX Info: Redefining \ldots on input line 482.
LaTeX Info: Redefining \dots on input line 485.
LaTeX Info: Redefining \cdots on input line 606.
\Mathstrutbox@=\box29
\strutbox@=\box30
\big@size=\dimen123
LaTeX Font Info:    Redeclaring font encoding OML on input line 729.
LaTeX Font Info:    Redeclaring font encoding OMS on input line 730.
\macc@depth=\count99
\c@MaxMatrixCols=\count100
\dotsspace@=\muskip10
\c@parentequation=\count101
\dspbrk@lvl=\count102
\tag@help=\toks19
\row@=\count103
\column@=\count104
\maxfields@=\count105
\andhelp@=\toks20
\eqnshift@=\dimen124
\alignsep@=\dimen125
\tagshift@=\dimen126
\tagwidth@=\dimen127
\totwidth@=\dimen128
\lineht@=\dimen129
\@envbody=\toks21
\multlinegap=\skip48
\multlinetaggap=\skip49
\mathdisplay@stack=\toks22
LaTeX Info: Redefining \[ on input line 2844.
LaTeX Info: Redefining \] on input line 2845.
)
(/usr/share/texlive/texmf-dist/tex/latex/amsfonts/amsfonts.sty
Package: amsfonts 2013/01/14 v3.01 Basic AMSFonts support
\symAMSa=\mathgroup4
\symAMSb=\mathgroup5
LaTeX Font Info:    Overwriting math alphabet `\mathfrak' in version `bold'
(Font)                  U/euf/m/n --> U/euf/b/n on input line 106.
)
(/usr/share/texlive/texmf-dist/tex/latex/amsfonts/amssymb.sty
Package: amssymb 2013/01/14 v3.01 AMS font symbols
)
(/usr/share/texlive/texmf-dist/tex/latex/eurosym/eurosym.sty
Package: eurosym 1998/08/06 v1.1 European currency symbol ``Euro''
\@eurobox=\box31
)
(/usr/share/texlive/texmf-dist/tex/latex/fancyhdr/fancyhdr.sty
Package: fancyhdr 2019/01/31 v3.10 Extensive control of page headers and footer
s
\f@nch@headwidth=\skip50
\f@nch@O@elh=\skip51
\f@nch@O@erh=\skip52
\f@nch@O@olh=\skip53
\f@nch@O@orh=\skip54
\f@nch@O@elf=\skip55
\f@nch@O@erf=\skip56
\f@nch@O@olf=\skip57
\f@nch@O@orf=\skip58
)
(/usr/share/texlive/texmf-dist/tex/latex/appendix/appendix.sty
Package: appendix 2009/09/02 v1.2b extra appendix facilities
\c@@pps=\count106
\c@@ppsavesec=\count107
\c@@ppsaveapp=\count108
)
(/usr/share/texlive/texmf-dist/tex/latex/subfig/subfig.sty
Package: subfig 2005/06/28 ver: 1.3 subfig package

(/usr/share/texlive/texmf-dist/tex/latex/caption/caption.sty
Package: caption 2018/10/06 v3.3-154 Customizing captions (AR)

(/usr/share/texlive/texmf-dist/tex/latex/caption/caption3.sty
Package: caption3 2018/09/12 v1.8c caption3 kernel (AR)
Package caption3 Info: TeX engine: e-TeX on input line 64.
\captionmargin=\dimen130
\captionmargin@=\dimen131
\captionwidth=\dimen132
\caption@tempdima=\dimen133
\caption@indent=\dimen134
\caption@parindent=\dimen135
\caption@hangindent=\dimen136
)
\c@caption@flags=\count109
\c@ContinuedFloat=\count110
)
\c@KVtest=\count111
\sf@farskip=\skip59
\sf@captopadj=\dimen137
\sf@capskip=\skip60
\sf@nearskip=\skip61
\c@subfigure=\count112
\c@subfigure@save=\count113
\c@lofdepth=\count114
\c@subtable=\count115
\c@subtable@save=\count116
\c@lotdepth=\count117
\sf@top=\skip62
\sf@bottom=\skip63
)
(/usr/share/texlive/texmf-dist/tex/latex/xcolor/xcolor.sty
Package: xcolor 2016/05/11 v2.12 LaTeX color extensions (UK)

(/usr/share/texlive/texmf-dist/tex/latex/graphics-cfg/color.cfg
File: color.cfg 2016/01/02 v1.6 sample color configuration
)
Package xcolor Info: Driver file: pdftex.def on input line 225.
Package xcolor Info: Model `cmy' substituted by `cmy0' on input line 1348.
Package xcolor Info: Model `hsb' substituted by `rgb' on input line 1352.
Package xcolor Info: Model `RGB' extended on input line 1364.
Package xcolor Info: Model `HTML' substituted by `rgb' on input line 1366.
Package xcolor Info: Model `Hsb' substituted by `hsb' on input line 1367.
Package xcolor Info: Model `tHsb' substituted by `hsb' on input line 1368.
Package xcolor Info: Model `HSB' substituted by `hsb' on input line 1369.
Package xcolor Info: Model `Gray' substituted by `gray' on input line 1370.
Package xcolor Info: Model `wave' substituted by `hsb' on input line 1371.
)
(/usr/share/texlive/texmf-dist/tex/latex/easylist/easylist.sty
Package: easylist 2014/01/11 v.1.4 Numbered items with a single command.
\el@CounterTotal=\count118
\el@Scratch=\count119
\el@ControlCounter=\count120
\el@CounterLevel=\count121
\c@List1=\count122
\c@List2=\count123
\c@List3=\count124
\c@List4=\count125
\c@List5=\count126
\c@List6=\count127
\c@List7=\count128
\c@List8=\count129
\c@List9=\count130
\c@List10=\count131
\el@ProgressiveDimension=\dimen138
\el@CounterBox=\box32
\el@ControlBox=\box33
\el@TotalMargin=\dimen139
\el@LeftMove=\dimen140
)
(/usr/share/texlive/texmf-dist/tex/latex/multirow/multirow.sty
Package: multirow 2019/01/01 v2.4 Span multiple rows of a table
\multirow@colwidth=\skip64
\multirow@cntb=\count132
\multirow@dima=\skip65
\bigstrutjot=\dimen141
)
(/usr/share/texlive/texmf-dist/tex/latex/hyperref/hyperref.sty
Package: hyperref 2018/11/30 v6.88e Hypertext links for LaTeX

(/usr/share/texlive/texmf-dist/tex/generic/oberdiek/hobsub-hyperref.sty
Package: hobsub-hyperref 2016/05/16 v1.14 Bundle oberdiek, subset hyperref (HO)


(/usr/share/texlive/texmf-dist/tex/generic/oberdiek/hobsub-generic.sty
Package: hobsub-generic 2016/05/16 v1.14 Bundle oberdiek, subset generic (HO)
Package: hobsub 2016/05/16 v1.14 Construct package bundles (HO)
Package: infwarerr 2016/05/16 v1.4 Providing info/warning/error messages (HO)
Package: ltxcmds 2016/05/16 v1.23 LaTeX kernel commands for general use (HO)
Package: ifluatex 2016/05/16 v1.4 Provides the ifluatex switch (HO)
Package ifluatex Info: LuaTeX not detected.
Package: ifvtex 2016/05/16 v1.6 Detect VTeX and its facilities (HO)
Package ifvtex Info: VTeX not detected.
Package: intcalc 2016/05/16 v1.2 Expandable calculations with integers (HO)
Package: ifpdf 2018/09/07 v3.3 Provides the ifpdf switch
Package: etexcmds 2016/05/16 v1.6 Avoid name clashes with e-TeX commands (HO)
Package: kvsetkeys 2016/05/16 v1.17 Key value parser (HO)
Package: kvdefinekeys 2016/05/16 v1.4 Define keys (HO)
Package: pdftexcmds 2018/09/10 v0.29 Utility functions of pdfTeX for LuaTeX (HO
)
Package pdftexcmds Info: LuaTeX not detected.
Package pdftexcmds Info: \pdf@primitive is available.
Package pdftexcmds Info: \pdf@ifprimitive is available.
Package pdftexcmds Info: \pdfdraftmode found.
Package: pdfescape 2016/05/16 v1.14 Implements pdfTeX's escape features (HO)
Package: bigintcalc 2016/05/16 v1.4 Expandable calculations on big integers (HO
)
Package: bitset 2016/05/16 v1.2 Handle bit-vector datatype (HO)
Package: uniquecounter 2016/05/16 v1.3 Provide unlimited unique counter (HO)
)
Package hobsub Info: Skipping package `hobsub' (already loaded).
Package: letltxmacro 2016/05/16 v1.5 Let assignment for LaTeX macros (HO)
Package: hopatch 2016/05/16 v1.3 Wrapper for package hooks (HO)
Package: xcolor-patch 2016/05/16 xcolor patch
Package: atveryend 2016/05/16 v1.9 Hooks at the very end of document (HO)
Package atveryend Info: \enddocument detected (standard20110627).
Package: atbegshi 2016/06/09 v1.18 At begin shipout hook (HO)
Package: refcount 2016/05/16 v3.5 Data extraction from label references (HO)
Package: hycolor 2016/05/16 v1.8 Color options for hyperref/bookmark (HO)
)
(/usr/share/texlive/texmf-dist/tex/generic/ifxetex/ifxetex.sty
Package: ifxetex 2010/09/12 v0.6 Provides ifxetex conditional
)
(/usr/share/texlive/texmf-dist/tex/latex/oberdiek/auxhook.sty
Package: auxhook 2016/05/16 v1.4 Hooks for auxiliary files (HO)
)
(/usr/share/texlive/texmf-dist/tex/latex/oberdiek/kvoptions.sty
Package: kvoptions 2016/05/16 v3.12 Key value format for package options (HO)
)
\@linkdim=\dimen142
\Hy@linkcounter=\count133
\Hy@pagecounter=\count134

(/usr/share/texlive/texmf-dist/tex/latex/hyperref/pd1enc.def
File: pd1enc.def 2018/11/30 v6.88e Hyperref: PDFDocEncoding definition (HO)
Now handling font encoding PD1 ...
... no UTF-8 mapping file for font encoding PD1
)
\Hy@SavedSpaceFactor=\count135

(/usr/share/texlive/texmf-dist/tex/latex/latexconfig/hyperref.cfg
File: hyperref.cfg 2002/06/06 v1.2 hyperref configuration of TeXLive
)
Package hyperref Info: Hyper figures OFF on input line 4519.
Package hyperref Info: Link nesting OFF on input line 4524.
Package hyperref Info: Hyper index ON on input line 4527.
Package hyperref Info: Plain pages OFF on input line 4534.
Package hyperref Info: Backreferencing OFF on input line 4539.
Package hyperref Info: Implicit mode ON; LaTeX internals redefined.
Package hyperref Info: Bookmarks ON on input line 4772.
\c@Hy@tempcnt=\count136

(/usr/share/texlive/texmf-dist/tex/latex/url/url.sty
\Urlmuskip=\muskip11
Package: url 2013/09/16  ver 3.4  Verb mode for urls, etc.
)
LaTeX Info: Redefining \url on input line 5125.
\XeTeXLinkMargin=\dimen143
\Fld@menulength=\count137
\Field@Width=\dimen144
\Fld@charsize=\dimen145
Package hyperref Info: Hyper figures OFF on input line 6380.
Package hyperref Info: Link nesting OFF on input line 6385.
Package hyperref Info: Hyper index ON on input line 6388.
Package hyperref Info: backreferencing OFF on input line 6395.
Package hyperref Info: Link coloring OFF on input line 6400.
Package hyperref Info: Link coloring with OCG OFF on input line 6405.
Package hyperref Info: PDF/A mode OFF on input line 6410.
LaTeX Info: Redefining \ref on input line 6450.
LaTeX Info: Redefining \pageref on input line 6454.
\Hy@abspage=\count138
\c@Item=\count139
\c@Hfootnote=\count140
)
Package hyperref Info: Driver (autodetected): hpdftex.

(/usr/share/texlive/texmf-dist/tex/latex/hyperref/hpdftex.def
File: hpdftex.def 2018/11/30 v6.88e Hyperref driver for pdfTeX
\Fld@listcount=\count141
\c@bookmark@seq@number=\count142

(/usr/share/texlive/texmf-dist/tex/latex/oberdiek/rerunfilecheck.sty
Package: rerunfilecheck 2016/05/16 v1.8 Rerun checks for auxiliary files (HO)
Package uniquecounter Info: New unique counter `rerunfilecheck' on input line 2
82.
)
\Hy@SectionHShift=\skip66
)
(/usr/share/texlive/texmf-dist/tex/latex/geometry/geometry.sty
Package: geometry 2018/04/16 v5.8 Page Geometry
\Gm@cnth=\count143
\Gm@cntv=\count144
\c@Gm@tempcnt=\count145
\Gm@bindingoffset=\dimen146
\Gm@wd@mp=\dimen147
\Gm@odd@mp=\dimen148
\Gm@even@mp=\dimen149
\Gm@layoutwidth=\dimen150
\Gm@layoutheight=\dimen151
\Gm@layouthoffset=\dimen152
\Gm@layoutvoffset=\dimen153
\Gm@dimlist=\toks23
)
(./Documentació.aux)
\openout1 = `Documentació.aux'.

LaTeX Font Info:    Checking defaults for OML/cmm/m/it on input line 21.
LaTeX Font Info:    ... okay on input line 21.
LaTeX Font Info:    Checking defaults for T1/cmr/m/n on input line 21.
LaTeX Font Info:    ... okay on input line 21.
LaTeX Font Info:    Checking defaults for OT1/cmr/m/n on input line 21.
LaTeX Font Info:    ... okay on input line 21.
LaTeX Font Info:    Checking defaults for OMS/cmsy/m/n on input line 21.
LaTeX Font Info:    ... okay on input line 21.
LaTeX Font Info:    Checking defaults for OMX/cmex/m/n on input line 21.
LaTeX Font Info:    ... okay on input line 21.
LaTeX Font Info:    Checking defaults for U/cmr/m/n on input line 21.
LaTeX Font Info:    ... okay on input line 21.
LaTeX Font Info:    Checking defaults for PD1/pdf/m/n on input line 21.
LaTeX Font Info:    ... okay on input line 21.

(/usr/share/texlive/texmf-dist/tex/context/base/mkii/supp-pdf.mkii
[Loading MPS to PDF converter (version 2006.09.02).]
\scratchcounter=\count146
\scratchdimen=\dimen154
\scratchbox=\box34
\nofMPsegments=\count147
\nofMParguments=\count148
\everyMPshowfont=\toks24
\MPscratchCnt=\count149
\MPscratchDim=\dimen155
\MPnumerator=\count150
\makeMPintoPDFobject=\count151
\everyMPtoPDFconversion=\toks25
) (/usr/share/texlive/texmf-dist/tex/latex/oberdiek/epstopdf-base.sty
Package: epstopdf-base 2016/05/15 v2.6 Base part for package epstopdf

(/usr/share/texlive/texmf-dist/tex/latex/oberdiek/grfext.sty
Package: grfext 2016/05/16 v1.2 Manage graphics extensions (HO)
)
Package epstopdf-base Info: Redefining graphics rule for `.eps' on input line 4
38.
Package grfext Info: Graphics extension search list:
(grfext)             [.pdf,.png,.jpg,.mps,.jpeg,.jbig2,.jb2,.PDF,.PNG,.JPG,.JPE
G,.JBIG2,.JB2,.eps]
(grfext)             \AppendGraphicsExtensions on input line 456.

(/usr/share/texlive/texmf-dist/tex/latex/latexconfig/epstopdf-sys.cfg
File: epstopdf-sys.cfg 2010/07/13 v1.3 Configuration of (r)epstopdf for TeX Liv
e
))
Package caption Info: Begin \AtBeginDocument code.
Package caption Info: subfig package v1.3 is loaded.
Package caption Info: hyperref package is loaded.
Package caption Info: End \AtBeginDocument code.
\AtBeginShipoutBox=\box35
Package hyperref Info: Link coloring OFF on input line 21.

(/usr/share/texlive/texmf-dist/tex/latex/hyperref/nameref.sty
Package: nameref 2016/05/21 v2.44 Cross-referencing by name of section

(/usr/share/texlive/texmf-dist/tex/generic/oberdiek/gettitlestring.sty
Package: gettitlestring 2016/05/16 v1.5 Cleanup title references (HO)
)
\c@section@level=\count152
)
LaTeX Info: Redefining \ref on input line 21.
LaTeX Info: Redefining \pageref on input line 21.
LaTeX Info: Redefining \nameref on input line 21.

(./Documentació.out) (./Documentació.out)
\@outlinefile=\write4
\openout4 = `Documentació.out'.


*geometry* driver: auto-detecting
*geometry* detected driver: pdftex
*geometry* verbose mode - [ preamble ] result:
* driver: pdftex
* paper: a4paper
* layout: <same size as paper>
* layoutoffset:(h,v)=(0.0pt,0.0pt)
* modes: 
* h-part:(L,W,R)=(56.9055pt, 483.69687pt, 56.9055pt)
* v-part:(T,H,B)=(56.9055pt, 731.23584pt, 56.9055pt)
* \paperwidth=597.50787pt
* \paperheight=845.04684pt
* \textwidth=483.69687pt
* \textheight=731.23584pt
* \oddsidemargin=-15.36449pt
* \evensidemargin=-15.36449pt
* \topmargin=-52.36449pt
* \headheight=12.0pt
* \headsep=25.0pt
* \topskip=11.0pt
* \footskip=30.0pt
* \marginparwidth=50.0pt
* \marginparsep=10.0pt
* \columnsep=10.0pt
* \skip\footins=10.0pt plus 4.0pt minus 2.0pt
* \hoffset=0.0pt
* \voffset=0.0pt
* \mag=1000
* \@twocolumnfalse
* \@twosidefalse
* \@mparswitchfalse
* \@reversemarginfalse
* (1in=72.27pt=25.4mm, 1cm=28.453pt)

<figures/M-UdL.jpg, id=100, 604.8999pt x 476.0184pt>
File: figures/M-UdL.jpg Graphic file (type jpg)
<use figures/M-UdL.jpg>
Package pdftex.def Info: figures/M-UdL.jpg  used on input line 33.
(pdftex.def)             Requested size: 181.47136pt x 142.80661pt.
LaTeX Font Info:    Try loading font information for U+msa on input line 44.
(/usr/share/texlive/texmf-dist/tex/latex/amsfonts/umsa.fd
File: umsa.fd 2013/01/14 v3.01 AMS symbols A
)
LaTeX Font Info:    Try loading font information for U+msb on input line 44.

(/usr/share/texlive/texmf-dist/tex/latex/amsfonts/umsb.fd
File: umsb.fd 2013/01/14 v3.01 AMS symbols B
) [1

{/var/lib/texmf/fonts/map/pdftex/updmap/pdftex.map} <./figures/M-UdL.jpg>] (./D
ocumentació.toc)
\tf@toc=\write5
\openout5 = `Documentació.toc'.

File: figures/M-UdL.jpg Graphic file (type jpg)
<use figures/M-UdL.jpg>
Package pdftex.def Info: figures/M-UdL.jpg  used on input line 86.
(pdftex.def)             Requested size: 30.24677pt x 23.8023pt.


Package Fancyhdr Warning: \headheight is too small (12.0pt): 
Make it at least 27.88234pt.
We now make it that large for the rest of the document.
This may cause the page layout to be inconsistent, however.

pdfTeX warning (ext4): destination with the same identifier (name{page.1}) has 
been already used, duplicate ignored
<to be read again> 
                   \relax 
l.86 \newpage
              [1] (./Documentació.lot)
\tf@lot=\write6
\openout6 = `Documentació.lot'.

 (./Documentació.lof)
\tf@lof=\write7
\openout7 = `Documentació.lof'.

File: figures/M-UdL.jpg Graphic file (type jpg)
<use figures/M-UdL.jpg>
Package pdftex.def Info: figures/M-UdL.jpg  used on input line 91.
(pdftex.def)             Requested size: 30.24677pt x 23.8023pt.
 [2]
Underfull \hbox (badness 10000) in paragraph at lines 96--103

 []


Underfull \hbox (badness 10000) in paragraph at lines 96--103

 []


Underfull \hbox (badness 10000) in paragraph at lines 96--103

 []

File: figures/M-UdL.jpg Graphic file (type jpg)
<use figures/M-UdL.jpg>
Package pdftex.def Info: figures/M-UdL.jpg  used on input line 133.
(pdftex.def)             Requested size: 30.24677pt x 23.8023pt.
[3]
File: figures/M-UdL.jpg Graphic file (type jpg)
<use figures/M-UdL.jpg>
Package pdftex.def Info: figures/M-UdL.jpg  used on input line 133.
(pdftex.def)             Requested size: 30.24677pt x 23.8023pt.
 [4]
<figures/Sprint2.png, id=178, 699.61375pt x 807.015pt>
File: figures/Sprint2.png Graphic file (type png)
<use figures/Sprint2.png>
Package pdftex.def Info: figures/Sprint2.png  used on input line 138.
(pdftex.def)             Requested size: 419.77148pt x 484.21274pt.
File: figures/M-UdL.jpg Graphic file (type jpg)
<use figures/M-UdL.jpg>
Package pdftex.def Info: figures/M-UdL.jpg  used on input line 141.
(pdftex.def)             Requested size: 30.24677pt x 23.8023pt.
 [5 <./figures/Sprint2.png>]
LaTeX Font Info:    Try loading font information for OMS+cmr on input line 166.


(/usr/share/texlive/texmf-dist/tex/latex/base/omscmr.fd
File: omscmr.fd 2014/09/29 v2.5h Standard LaTeX font definitions
)
LaTeX Font Info:    Font shape `OMS/cmr/m/n' in size <10.95> not available
(Font)              Font shape `OMS/cmsy/m/n' tried instead on input line 166.
File: figures/M-UdL.jpg Graphic file (type jpg)
<use figures/M-UdL.jpg>
Package pdftex.def Info: figures/M-UdL.jpg  used on input line 195.
(pdftex.def)             Requested size: 30.24677pt x 23.8023pt.
 [6]
File: figures/M-UdL.jpg Graphic file (type jpg)
<use figures/M-UdL.jpg>
Package pdftex.def Info: figures/M-UdL.jpg  used on input line 263.
(pdftex.def)             Requested size: 30.24677pt x 23.8023pt.
 [7]
File: figures/M-UdL.jpg Graphic file (type jpg)
<use figures/M-UdL.jpg>
Package pdftex.def Info: figures/M-UdL.jpg  used on input line 296.
(pdftex.def)             Requested size: 30.24677pt x 23.8023pt.
 [8]
<figures/DCU.png, id=210, 1735.48375pt x 1787.67876pt>
File: figures/DCU.png Graphic file (type png)
<use figures/DCU.png>
Package pdftex.def Info: figures/DCU.png  used on input line 301.
(pdftex.def)             Requested size: 520.64915pt x 536.30777pt.

Overfull \hbox (36.95229pt too wide) in paragraph at lines 301--302
 [][] 
 []

File: figures/M-UdL.jpg Graphic file (type jpg)
<use figures/M-UdL.jpg>
Package pdftex.def Info: figures/M-UdL.jpg  used on input line 304.
(pdftex.def)             Requested size: 30.24677pt x 23.8023pt.
[9 <./figures/DCU.png>]
Underfull \hbox (badness 10000) in paragraph at lines 304--308

 []


Underfull \hbox (badness 10000) in paragraph at lines 304--308

 []

File: figures/M-UdL.jpg Graphic file (type jpg)
<use figures/M-UdL.jpg>
Package pdftex.def Info: figures/M-UdL.jpg  used on input line 309.
(pdftex.def)             Requested size: 30.24677pt x 23.8023pt.
[10]
<figures/AppArchitecture.png, id=222, 694.595pt x 602.25pt>
File: figures/AppArchitecture.png Graphic file (type png)
<use figures/AppArchitecture.png>
Package pdftex.def Info: figures/AppArchitecture.png  used on input line 315.
(pdftex.def)             Requested size: 416.76022pt x 361.35278pt.
File: figures/M-UdL.jpg Graphic file (type jpg)
<use figures/M-UdL.jpg>
Package pdftex.def Info: figures/M-UdL.jpg  used on input line 327.
(pdftex.def)             Requested size: 30.24677pt x 23.8023pt.
 [11 <./figures/AppArchitecture.png>]
<figures/IrrigationSystem.png, id=228, 1194.4625pt x 746.79pt>
File: figures/IrrigationSystem.png Graphic file (type png)
<use figures/IrrigationSystem.png>
Package pdftex.def Info: figures/IrrigationSystem.png  used on input line 332.
(pdftex.def)             Requested size: 477.77654pt x 298.7107pt.

Underfull \hbox (badness 10000) in paragraph at lines 353--354

 []

File: figures/M-UdL.jpg Graphic file (type jpg)
<use figures/M-UdL.jpg>
Package pdftex.def Info: figures/M-UdL.jpg  used on input line 355.
(pdftex.def)             Requested size: 30.24677pt x 23.8023pt.
[12 <./figures/IrrigationSystem.png>]
Underfull \hbox (badness 10000) in paragraph at lines 355--356

 []


Underfull \hbox (badness 10000) in paragraph at lines 357--358

 []

File: figures/M-UdL.jpg Graphic file (type jpg)
<use figures/M-UdL.jpg>
Package pdftex.def Info: figures/M-UdL.jpg  used on input line 362.
(pdftex.def)             Requested size: 30.24677pt x 23.8023pt.
[13]
<figures/ModelDeDades.png, id=239, 925.4575pt x 730.73pt>
File: figures/ModelDeDades.png Graphic file (type png)
<use figures/ModelDeDades.png>
Package pdftex.def Info: figures/ModelDeDades.png  used on input line 368.
(pdftex.def)             Requested size: 462.72762pt x 365.3641pt.
File: figures/M-UdL.jpg Graphic file (type jpg)
<use figures/M-UdL.jpg>
Package pdftex.def Info: figures/M-UdL.jpg  used on input line 391.
(pdftex.def)             Requested size: 30.24677pt x 23.8023pt.
 [14 <./figures/ModelDeDades.png>]
File: figures/M-UdL.jpg Graphic file (type jpg)
<use figures/M-UdL.jpg>
Package pdftex.def Info: figures/M-UdL.jpg  used on input line 395.
(pdftex.def)             Requested size: 30.24677pt x 23.8023pt.
 [15]
Underfull \hbox (badness 10000) in paragraph at lines 400--401

 []


Underfull \hbox (badness 10000) in paragraph at lines 402--432

 []


Underfull \hbox (badness 10000) in paragraph at lines 402--432

 []


Underfull \hbox (badness 10000) in paragraph at lines 402--432

 []


Underfull \hbox (badness 10000) in paragraph at lines 402--432

 []


Underfull \hbox (badness 10000) in paragraph at lines 402--432

 []


Underfull \hbox (badness 10000) in paragraph at lines 402--432

 []


Underfull \hbox (badness 10000) in paragraph at lines 402--432

 []


Underfull \hbox (badness 10000) in paragraph at lines 402--432

 []


Underfull \hbox (badness 10000) in paragraph at lines 402--432

 []


Underfull \hbox (badness 10000) in paragraph at lines 402--432

 []


Underfull \hbox (badness 10000) in paragraph at lines 402--432

 []


Underfull \hbox (badness 10000) in paragraph at lines 402--432

 []


Underfull \hbox (badness 10000) in paragraph at lines 402--432

 []


Underfull \hbox (badness 10000) in paragraph at lines 402--432

 []

File: figures/M-UdL.jpg Graphic file (type jpg)
<use figures/M-UdL.jpg>
Package pdftex.def Info: figures/M-UdL.jpg  used on input line 432.
(pdftex.def)             Requested size: 30.24677pt x 23.8023pt.
[16]
Underfull \hbox (badness 10000) in paragraph at lines 438--439

 []


Underfull \hbox (badness 10000) in paragraph at lines 440--441

 []


Underfull \hbox (badness 10000) in paragraph at lines 442--443

 []

File: figures/M-UdL.jpg Graphic file (type jpg)
<use figures/M-UdL.jpg>
Package pdftex.def Info: figures/M-UdL.jpg  used on input line 473.
(pdftex.def)             Requested size: 30.24677pt x 23.8023pt.
[17]
Underfull \hbox (badness 10000) in paragraph at lines 476--477

 []


Underfull \hbox (badness 10000) in paragraph at lines 478--479

 []


Underfull \hbox (badness 10000) in paragraph at lines 480--481

 []


Underfull \hbox (badness 10000) in paragraph at lines 493--494

 []

File: figures/M-UdL.jpg Graphic file (type jpg)
<use figures/M-UdL.jpg>
Package pdftex.def Info: figures/M-UdL.jpg  used on input line 494.
(pdftex.def)             Requested size: 30.24677pt x 23.8023pt.
[18]
File: figures/M-UdL.jpg Graphic file (type jpg)
<use figures/M-UdL.jpg>
Package pdftex.def Info: figures/M-UdL.jpg  used on input line 495.
(pdftex.def)             Requested size: 30.24677pt x 23.8023pt.
 [19]
<figures/marketing.png, id=267, 457.71pt x 192.72pt>
File: figures/marketing.png Graphic file (type png)
<use figures/marketing.png>
Package pdftex.def Info: figures/marketing.png  used on input line 500.
(pdftex.def)             Requested size: 457.7089pt x 192.71951pt.
File: figures/M-UdL.jpg Graphic file (type jpg)
<use figures/M-UdL.jpg>
Package pdftex.def Info: figures/M-UdL.jpg  used on input line 538.
(pdftex.def)             Requested size: 30.24677pt x 23.8023pt.
 [20 <./figures/marketing.png>]
Package atveryend Info: Empty hook `BeforeClearDocument' on input line 540.
File: figures/M-UdL.jpg Graphic file (type jpg)
<use figures/M-UdL.jpg>
Package pdftex.def Info: figures/M-UdL.jpg  used on input line 540.
(pdftex.def)             Requested size: 30.24677pt x 23.8023pt.
 [21]
Package atveryend Info: Empty hook `AfterLastShipout' on input line 540.
 (./Documentació.aux)
Package atveryend Info: Executing hook `AtVeryEndDocument' on input line 540.
Package atveryend Info: Executing hook `AtEndAfterFileList' on input line 540.
Package rerunfilecheck Info: File `Documentació.out' has not changed.
(rerunfilecheck)             Checksum: 484613F4C969585F1DA6A5ED8101B7D8;1574.
Package atveryend Info: Empty hook `AtVeryVeryEnd' on input line 540.
 ) 
Here is how much of TeX's memory you used:
 10061 strings out of 492615
 148034 string characters out of 6131389
 266382 words of memory out of 5000000
 13741 multiletter control sequences out of 15000+600000
 13256 words of font info for 50 fonts, out of 8000000 for 9000
 1141 hyphenation exceptions out of 8191
 61i,17n,96p,693b,441s stack positions out of 5000i,500n,10000p,200000b,80000s
</usr/share/texlive/texmf-dist/fonts/type1/public/amsfonts/cm/cmbx10.pfb></us
r/share/texlive/texmf-dist/fonts/type1/public/amsfonts/cm/cmbx12.pfb></usr/shar
e/texlive/texmf-dist/fonts/type1/public/amsfonts/cm/cmr10.pfb></usr/share/texli
ve/texmf-dist/fonts/type1/public/amsfonts/cm/cmr12.pfb></usr/share/texlive/texm
f-dist/fonts/type1/public/amsfonts/cm/cmsy10.pfb></usr/share/texlive/texmf-dist
/fonts/type1/public/amsfonts/cm/cmti10.pfb></usr/share/texlive/texmf-dist/fonts
/type1/public/amsfonts/cm/cmtt10.pfb></usr/share/texlive/texmf-dist/fonts/type1
/public/eurosym/feymr10.pfb>
Output written on Documentació.pdf (22 pages, 845318 bytes).
PDF statistics:
 324 PDF objects out of 1000 (max. 8388607)
 278 compressed objects within 3 object streams
 73 named destinations out of 1000 (max. 500000)
 228 words of extra memory for PDF output out of 10000 (max. 10000000)

