\BOOKMARK [0][-]{part*.5}{Introduction}{}% 1
\BOOKMARK [1][-]{section.1}{Product backlog + Sprint backlog}{part*.5}% 2
\BOOKMARK [1][-]{section.2}{Requirements}{part*.5}% 3
\BOOKMARK [2][-]{subsection.2.1}{Non-functional requirements}{section.2}% 4
\BOOKMARK [2][-]{subsection.2.2}{Functional requirements}{section.2}% 5
\BOOKMARK [2][-]{subsection.2.3}{List of functionalities and features}{section.2}% 6
\BOOKMARK [3][-]{subsubsection.2.3.1}{Android app}{subsection.2.3}% 7
\BOOKMARK [3][-]{subsubsection.2.3.2}{Web service}{subsection.2.3}% 8
\BOOKMARK [3][-]{subsubsection.2.3.3}{Detection plague script}{subsection.2.3}% 9
\BOOKMARK [2][-]{subsection.2.4}{Observations}{section.2}% 10
\BOOKMARK [1][-]{section.3}{Main use cases}{part*.5}% 11
\BOOKMARK [1][-]{section.4}{General architecture}{part*.5}% 12
\BOOKMARK [2][-]{subsection.4.1}{System architecture}{section.4}% 13
\BOOKMARK [2][-]{subsection.4.2}{RPi/NodeMCU architecture}{section.4}% 14
\BOOKMARK [1][-]{section.5}{Data model}{part*.5}% 15
\BOOKMARK [1][-]{section.6}{Main screens desgin and Navigation}{part*.5}% 16
\BOOKMARK [1][-]{section.7}{Financial Factors}{part*.5}% 17
\BOOKMARK [1][-]{section.8}{Economic viability}{part*.5}% 18
\BOOKMARK [2][-]{subsection.8.1}{Who?}{section.8}% 19
\BOOKMARK [2][-]{subsection.8.2}{How many?}{section.8}% 20
\BOOKMARK [2][-]{subsection.8.3}{Mareketing strategy}{section.8}% 21
\BOOKMARK [2][-]{subsection.8.4}{Monetization strategy}{section.8}% 22
\BOOKMARK [2][-]{subsection.8.5}{App costs}{section.8}% 23
\BOOKMARK [2][-]{subsection.8.6}{Analysis}{section.8}% 24
