2020-01-12 17:50:30.675664 => Connected by: ('192.168.43.70', 36452)
2020-01-12 17:50:30.880411 => RCV: data: {'rule_id': '13', 'rule_type': '0', 'rule_condition_id': '14', 'device_id': '123', 'rule_condition_type': '4', 'operation': 'create_rule', 'value': '21'}
{
    "123": {
        "13": {
            "rule_conditions": {
                "14": [
                    "21",
                    "4"
                ]
            }
        }
    }
}
2020-01-12 17:50:58.397077 => Connected by: ('192.168.43.147', 53312)
2020-01-12 17:50:58.676911 => RCV: data: {'rule_id': '12', 'rule_type': '0', 'rule_condition_id': '10', 'device_id': '13', 'rule_condition_type': '2', 'operation': 'create_rule', 'value': '15'}
{
    "123": {
        "13": {
            "rule_conditions": {
                "14": [
                    "21",
                    "4"
                ]
            }
        }
    },
    "13": {
        "12": {
            "rule_conditions": {
                "10": [
                    "15",
                    "2"
                ]
            }
        }
    }
}
2020-01-12 17:52:14.289029 => Connected by: ('192.168.43.70', 36504)
2020-01-12 17:52:14.521764 => RCV: data: {'device_id': '123', 'operation': 'list_devices'}
2020-01-12 17:52:14.522261 => devices: {'123': 0, '124': 0}
2020-01-12 17:52:18.915820 => Connected by: ('192.168.43.70', 36506)
2020-01-12 17:52:19.146989 => RCV: data: {'device_id': '123', 'operation': 'list_devices'}
2020-01-12 17:52:19.147195 => devices: {'123': 0, '124': 0}
2020-01-12 17:53:41.110007 => Connected by: ('192.168.43.70', 36514)
2020-01-12 17:53:41.341757 => RCV: data: {'device_id': '123', 'operation': 'sensor'}
