\BOOKMARK [0][-]{part*.4}{Introduction}{}% 1
\BOOKMARK [0][-]{part.1}{I Sprint 1}{}% 2
\BOOKMARK [1][-]{section.1}{Requirements}{part.1}% 3
\BOOKMARK [2][-]{subsection.1.1}{Non-functional requirements}{section.1}% 4
\BOOKMARK [2][-]{subsection.1.2}{Functional requirements}{section.1}% 5
\BOOKMARK [2][-]{subsection.1.3}{List of functionalities and features}{section.1}% 6
\BOOKMARK [3][-]{subsubsection.1.3.1}{Android app}{subsection.1.3}% 7
\BOOKMARK [3][-]{subsubsection.1.3.2}{Web service}{subsection.1.3}% 8
\BOOKMARK [3][-]{subsubsection.1.3.3}{Detection plague script}{subsection.1.3}% 9
\BOOKMARK [3][-]{subsubsection.1.3.4}{Arduino}{subsection.1.3}% 10
\BOOKMARK [1][-]{section.2}{Main use cases}{part.1}% 11
\BOOKMARK [1][-]{section.3}{General architecture}{part.1}% 12
\BOOKMARK [2][-]{subsection.3.1}{System architecture}{section.3}% 13
\BOOKMARK [2][-]{subsection.3.2}{Arduino/Raspberry pi architecture}{section.3}% 14
\BOOKMARK [1][-]{section.4}{Data model}{part.1}% 15
\BOOKMARK [1][-]{section.5}{Product backlog + Sprint backlog}{part.1}% 16
\BOOKMARK [1][-]{section.6}{Main screens desgin mockup}{part.1}% 17
\BOOKMARK [1][-]{section.7}{Navigation schema between activities}{part.1}% 18
\BOOKMARK [1][-]{section.8}{Economic viability}{part.1}% 19
\BOOKMARK [2][-]{subsection.8.1}{Who?}{section.8}% 20
\BOOKMARK [2][-]{subsection.8.2}{How many?}{section.8}% 21
\BOOKMARK [2][-]{subsection.8.3}{Mareketing strategy}{section.8}% 22
\BOOKMARK [2][-]{subsection.8.4}{Monetization strategy}{section.8}% 23
\BOOKMARK [2][-]{subsection.8.5}{App costs}{section.8}% 24
